2026-02-17 23:50:03: [START] Gmail Watcher starting (interval: 120s)
2026-02-17 23:50:03: 
2026-02-17 23:50:03: Starting Gmail watcher...
2026-02-17 23:50:03: [INIT] Gmail Watcher components initialized
2026-02-17 23:50:03: [CHECK] Scanning for unread important emails...
2026-02-17 23:50:06: [CHECK] No new unread important emails
2026-02-17 23:51:55: [START] Gmail Watcher starting (interval: 120s)
2026-02-17 23:51:55: Starting Gmail watcher...
2026-02-17 23:51:55: [INIT] Gmail Watcher components initialized
2026-02-17 23:51:55: [CHECK] Scanning for unread important emails...
2026-02-17 23:51:57: [CHECK] No new unread important emails
2026-02-17 23:53:57: [CHECK] Scanning for unread important emails...
2026-02-17 23:53:57: [CHECK] No new unread important emails
2026-02-17 23:55:57: [CHECK] Scanning for unread important emails...
2026-02-17 23:55:58: [CHECK] No new unread important emails
2026-02-17 23:57:58: [CHECK] Scanning for unread important emails...
2026-02-17 23:58:01: [CHECK] No new unread important emails
2026-02-18 00:00:01: [CHECK] Scanning for unread important emails...
2026-02-18 00:00:01: [CHECK] No new unread important emails
2026-02-18 00:02:01: [CHECK] Scanning for unread important emails...
2026-02-18 00:02:01: [CHECK] No new unread important emails
2026-02-18 00:04:01: [CHECK] Scanning for unread important emails...
2026-02-18 00:04:02: [CHECK] No new unread important emails
2026-02-18 00:06:02: [CHECK] Scanning for unread important emails...
2026-02-18 00:06:02: [CHECK] No new unread important emails
2026-02-18 00:08:02: [CHECK] Scanning for unread important emails...
2026-02-18 00:08:03: [CHECK] No new unread important emails
2026-02-18 00:10:03: [CHECK] Scanning for unread important emails...
2026-02-18 00:10:03: [CHECK] No new unread important emails
2026-02-18 00:12:03: [CHECK] Scanning for unread important emails...
2026-02-18 00:12:03: 
2026-02-18 00:12:03: [CHECK] No new unread important emails
2026-02-18 00:14:03: [CHECK] Scanning for unread important emails...
2026-02-18 00:14:04: [CHECK] No new unread important emails
2026-02-18 00:15:52: [START] Gmail Watcher starting (interval: 120s)
2026-02-18 00:15:52: Starting Gmail watcher...
2026-02-18 00:15:52: [AUTH] Token saved to: token.json
2026-02-18 00:15:52: [AUTH] Token refreshed successfully
2026-02-18 00:15:52: [INIT] Gmail Watcher components initialized
2026-02-18 00:15:52: [CHECK] Scanning for unread important emails...
2026-02-18 00:15:53: [CHECK] No new unread important emails
2026-02-18 00:17:53: [CHECK] Scanning for unread important emails...
2026-02-18 00:17:54: [CHECK] No new unread important emails
2026-02-18 00:19:54: [CHECK] Scanning for unread important emails...
2026-02-18 00:19:54: [CHECK] No new unread important emails
2026-02-18 00:21:54: [CHECK] Scanning for unread important emails...
2026-02-18 00:21:54: [CHECK] No new unread important emails
2026-02-18 00:23:54: [CHECK] Scanning for unread important emails...
2026-02-18 00:23:54: [CHECK] No new unread important emails
2026-02-18 00:25:54: [CHECK] Scanning for unread important emails...
2026-02-18 00:25:55: [CHECK] No new unread important emails
2026-02-18 00:27:55: [CHECK] Scanning for unread important emails...
2026-02-18 00:27:55: [CHECK] No new unread important emails
2026-02-18 00:29:55: [CHECK] Scanning for unread important emails...
2026-02-18 00:29:55: [CHECK] No new unread important emails
2026-02-18 00:31:55: [CHECK] Scanning for unread important emails...
2026-02-18 00:31:56: [CHECK] No new unread important emails
2026-02-18 00:33:56: [CHECK] Scanning for unread important emails...
2026-02-18 00:33:56: [CHECK] No new unread important emails
2026-02-18 00:35:56: [CHECK] Scanning for unread important emails...
2026-02-18 00:35:56: [CHECK] No new unread important emails
2026-02-18 00:37:56: [CHECK] Scanning for unread important emails...
2026-02-18 00:37:57: [CHECK] No new unread important emails
2026-02-18 00:39:57: [CHECK] Scanning for unread important emails...
2026-02-18 00:39:57: [CHECK] No new unread important emails
2026-02-18 00:41:57: [CHECK] Scanning for unread important emails...
2026-02-18 00:41:57: [CHECK] No new unread important emails
2026-02-18 00:43:57: [CHECK] Scanning for unread important emails...
2026-02-18 00:43:57: [CHECK] No new unread important emails
2026-02-18 00:45:57: [CHECK] Scanning for unread important emails...
2026-02-18 00:45:58: [CHECK] No new unread important emails
2026-02-18 00:47:58: [CHECK] Scanning for unread important emails...
2026-02-18 00:47:58: [CHECK] No new unread important emails
2026-02-18 00:49:58: [CHECK] Scanning for unread important emails...
2026-02-18 00:49:58: 
2026-02-18 00:49:58: [CHECK] No new unread important emails
2026-02-18 00:51:58: [CHECK] Scanning for unread important emails...
2026-02-18 00:51:59: [CHECK] No new unread important emails
2026-02-18 00:53:59: [CHECK] Scanning for unread important emails...
2026-02-18 00:53:59: [CHECK] No new unread important emails
2026-02-18 00:55:59: [CHECK] Scanning for unread important emails...
2026-02-18 00:55:59: [CHECK] No new unread important emails
2026-02-18 00:57:59: [CHECK] Scanning for unread important emails...
2026-02-18 00:57:59: 
2026-02-18 00:58:00: [CHECK] No new unread important emails
2026-02-18 01:00:00: [CHECK] Scanning for unread important emails...
2026-02-18 01:00:00: [CHECK] No new unread important emails
2026-02-18 01:02:00: [CHECK] Scanning for unread important emails...
2026-02-18 01:02:00: [CHECK] No new unread important emails
2026-02-18 01:04:00: [CHECK] Scanning for unread important emails...
2026-02-18 01:04:01: [CHECK] No new unread important emails
2026-02-18 01:06:01: [CHECK] Scanning for unread important emails...
2026-02-18 01:06:01: [CHECK] No new unread important emails
2026-02-18 01:08:01: [CHECK] Scanning for unread important emails...
2026-02-18 01:08:01: [CHECK] No new unread important emails
2026-02-18 01:10:01: [CHECK] Scanning for unread important emails...
2026-02-18 01:10:02: [CHECK] No new unread important emails
2026-02-18 01:12:02: [CHECK] Scanning for unread important emails...
2026-02-18 01:12:02: [CHECK] No new unread important emails
2026-02-18 01:14:02: [CHECK] Scanning for unread important emails...
2026-02-18 01:14:04: [CHECK] No new unread important emails
2026-02-18 01:16:04: [CHECK] Scanning for unread important emails...
2026-02-18 01:16:04: 
2026-02-18 01:16:05: [CHECK] No new unread important emails
2026-02-18 01:18:05: [CHECK] Scanning for unread important emails...
2026-02-18 01:18:06: [CHECK] No new unread important emails
2026-02-18 01:20:06: [CHECK] Scanning for unread important emails...
2026-02-18 01:20:06: [CHECK] No new unread important emails
2026-02-18 01:22:06: [CHECK] Scanning for unread important emails...
2026-02-18 01:22:06: [CHECK] No new unread important emails
2026-02-18 01:24:06: [CHECK] Scanning for unread important emails...
2026-02-18 01:24:07: [CHECK] No new unread important emails
2026-02-18 01:26:07: [CHECK] Scanning for unread important emails...
2026-02-18 01:26:08: [CHECK] No new unread important emails
2026-02-18 01:28:08: [CHECK] Scanning for unread important emails...
2026-02-18 01:28:08: [CHECK] No new unread important emails
2026-02-18 01:30:08: [CHECK] Scanning for unread important emails...
2026-02-18 01:30:09: [CHECK] No new unread important emails
2026-02-18 01:32:09: [CHECK] Scanning for unread important emails...
2026-02-18 01:32:09: [CHECK] No new unread important emails
2026-02-18 01:34:09: [CHECK] Scanning for unread important emails...
2026-02-18 01:34:09: [CHECK] No new unread important emails
2026-02-18 01:36:09: [CHECK] Scanning for unread important emails...
2026-02-18 01:36:09: [CHECK] No new unread important emails
2026-02-18 01:38:09: [CHECK] Scanning for unread important emails...
2026-02-18 01:38:10: [CHECK] No new unread important emails
2026-02-18 01:40:10: [CHECK] Scanning for unread important emails...
2026-02-18 01:40:10: [CHECK] No new unread important emails
2026-02-18 01:42:10: [CHECK] Scanning for unread important emails...
2026-02-18 01:42:10: [CHECK] No new unread important emails
2026-02-18 01:44:10: [CHECK] Scanning for unread important emails...
2026-02-18 01:44:11: [CHECK] No new unread important emails
2026-02-18 01:46:11: [CHECK] Scanning for unread important emails...
2026-02-18 01:46:11: [CHECK] No new unread important emails
2026-02-18 01:48:11: [CHECK] Scanning for unread important emails...
2026-02-18 01:48:11: [CHECK] No new unread important emails
2026-02-18 01:50:11: [CHECK] Scanning for unread important emails...
2026-02-18 01:50:12: [CHECK] No new unread important emails
2026-02-18 01:52:12: [CHECK] Scanning for unread important emails...
2026-02-18 01:52:12: [CHECK] No new unread important emails
2026-02-18 01:54:12: [CHECK] Scanning for unread important emails...
2026-02-18 01:54:12: [CHECK] No new unread important emails
2026-02-18 01:56:12: [CHECK] Scanning for unread important emails...
2026-02-18 01:56:13: [CHECK] No new unread important emails
2026-02-18 01:58:13: [CHECK] Scanning for unread important emails...
2026-02-18 01:58:13: 
2026-02-18 01:58:13: [CHECK] No new unread important emails
2026-02-18 02:00:13: [CHECK] Scanning for unread important emails...
2026-02-18 02:00:13: [CHECK] No new unread important emails
2026-02-18 02:02:13: [CHECK] Scanning for unread important emails...
2026-02-18 02:02:14: [CHECK] No new unread important emails
2026-02-18 02:04:14: [CHECK] Scanning for unread important emails...
2026-02-18 02:04:14: [CHECK] No new unread important emails
2026-02-18 02:06:14: [CHECK] Scanning for unread important emails...
2026-02-18 02:06:14: [CHECK] No new unread important emails
2026-02-18 02:08:14: [CHECK] Scanning for unread important emails...
2026-02-18 02:08:14: [CHECK] No new unread important emails
2026-02-18 02:10:14: [CHECK] Scanning for unread important emails...
2026-02-18 02:10:15: [CHECK] No new unread important emails
2026-02-18 02:12:15: [CHECK] Scanning for unread important emails...
2026-02-18 02:12:16: [CHECK] No new unread important emails
2026-02-18 02:14:16: [CHECK] Scanning for unread important emails...
2026-02-18 02:14:20: [CHECK] No new unread important emails
2026-02-18 02:16:20: [CHECK] Scanning for unread important emails...
2026-02-18 02:16:21: [CHECK] No new unread important emails
2026-02-18 02:18:21: [CHECK] Scanning for unread important emails...
2026-02-18 02:18:21: [CHECK] No new unread important emails
2026-02-18 02:20:21: [CHECK] Scanning for unread important emails...
2026-02-18 02:20:21: [CHECK] No new unread important emails
2026-02-18 02:22:21: [CHECK] Scanning for unread important emails...
2026-02-18 02:22:22: [CHECK] No new unread important emails
2026-02-18 02:24:22: [CHECK] Scanning for unread important emails...
2026-02-18 02:24:22: [CHECK] No new unread important emails
2026-02-18 02:26:22: [CHECK] Scanning for unread important emails...
2026-02-18 02:26:22: 
2026-02-18 02:26:22: [CHECK] No new unread important emails
2026-02-18 02:28:22: [CHECK] Scanning for unread important emails...
2026-02-18 02:28:23: [CHECK] No new unread important emails
2026-02-18 02:30:23: [CHECK] Scanning for unread important emails...
2026-02-18 02:30:23: [CHECK] No new unread important emails
2026-02-18 02:32:23: [CHECK] Scanning for unread important emails...
2026-02-18 02:32:23: [CHECK] No new unread important emails
2026-02-18 02:34:23: [CHECK] Scanning for unread important emails...
2026-02-18 02:34:23: [CHECK] No new unread important emails
2026-02-18 02:36:23: [CHECK] Scanning for unread important emails...
2026-02-18 02:36:24: [CHECK] No new unread important emails
2026-02-18 02:38:24: [CHECK] Scanning for unread important emails...
2026-02-18 02:38:24: [CHECK] No new unread important emails
2026-02-18 02:40:24: [CHECK] Scanning for unread important emails...
2026-02-18 02:40:24: [CHECK] No new unread important emails
2026-02-18 02:42:24: [CHECK] Scanning for unread important emails...
2026-02-18 02:42:25: [CHECK] No new unread important emails
2026-02-18 02:44:25: [CHECK] Scanning for unread important emails...
2026-02-18 02:44:25: [CHECK] No new unread important emails
2026-02-18 02:46:25: [CHECK] Scanning for unread important emails...
2026-02-18 02:46:25: [CHECK] No new unread important emails
2026-02-18 02:48:25: [CHECK] Scanning for unread important emails...
2026-02-18 02:48:25: [CHECK] No new unread important emails
2026-02-18 02:50:25: [CHECK] Scanning for unread important emails...
2026-02-18 02:50:26: [CHECK] No new unread important emails
2026-02-18 02:52:26: [CHECK] Scanning for unread important emails...
2026-02-18 02:52:26: 
2026-02-18 02:52:26: [CHECK] No new unread important emails
2026-02-18 02:54:26: [CHECK] Scanning for unread important emails...
2026-02-18 02:54:26: [CHECK] No new unread important emails
2026-02-18 02:56:26: [CHECK] Scanning for unread important emails...
2026-02-18 02:56:27: [CHECK] No new unread important emails
2026-02-18 02:58:27: [CHECK] Scanning for unread important emails...
2026-02-18 02:58:27: [CHECK] No new unread important emails
2026-02-18 03:00:27: [CHECK] Scanning for unread important emails...
2026-02-18 03:00:27: 
2026-02-18 03:00:27: [CHECK] No new unread important emails
2026-02-18 03:02:27: [CHECK] Scanning for unread important emails...
2026-02-18 03:02:27: [CHECK] No new unread important emails
2026-02-18 03:04:27: [CHECK] Scanning for unread important emails...
2026-02-18 03:04:28: [CHECK] No new unread important emails
2026-02-18 03:06:28: [CHECK] Scanning for unread important emails...
2026-02-18 03:06:28: [CHECK] No new unread important emails
2026-02-18 03:08:28: [CHECK] Scanning for unread important emails...
2026-02-18 03:08:29: [CHECK] No new unread important emails
2026-02-18 03:10:29: [CHECK] Scanning for unread important emails...
2026-02-18 03:10:30: [CHECK] No new unread important emails
2026-02-18 03:12:30: [CHECK] Scanning for unread important emails...
2026-02-18 03:12:30: [CHECK] No new unread important emails
